<?xml version="1.0" encoding="UTF-8"?>
<!-- Generated by org.testng.reporters.JUnitReportReporter -->
<testsuite hostname="Lechus" failures="0" tests="2" name="utilities.Dataprovider" time="0.005" errors="0" timestamp="2023-02-02T00:51:04 IST" skipped="0">
  <testcase classname="utilities.Dataprovider" name="f" time="0.002"/>
  <system-out/>
  <testcase classname="utilities.Dataprovider" name="f" time="0.003"/>
  <system-out/>
</testsuite> <!-- utilities.Dataprovider -->
