<?xml version="1.0" encoding="UTF-8"?>
<!-- Generated by org.testng.reporters.JUnitReportReporter -->
<testsuite hostname="Lechus" failures="0" tests="2" name="testcases.Loginpagetest" time="19.820" errors="0" timestamp="2023-02-02T08:03:47 IST" skipped="0">
  <testcase classname="testcases.Loginpagetest" name="Tc_username" time="2.795"/>
  <system-out/>
  <testcase classname="testcases.Loginpagetest" name="Tc_password" time="17.025"/>
  <system-out/>
</testsuite> <!-- testcases.Loginpagetest -->
